<?xml version="1.0" encoding="UTF-8"?>
<testng-results total="4" passed="2" failed="2" skipped="0">
  <reporter-output>
  </reporter-output>
  <suite started-at="2022-02-19T09:44:27Z" name="Suite" finished-at="2022-02-19T09:48:17Z" duration-ms="230173">
    <groups>
    </groups>
    <test started-at="2022-02-19T09:44:27Z" name="Headertest" finished-at="2022-02-19T09:46:56Z" duration-ms="149199">
      <class name="ParentGroup.EndToEndProject.ValidateHeaderBar">
        <test-method is-config="true" signature="initialize()[pri:0, instance:ParentGroup.EndToEndProject.ValidateHeaderBar@15515c51]" started-at="2022-02-19T15:14:27Z" name="initialize" finished-at="2022-02-19T15:16:51Z" duration-ms="143643" status="PASS">
          <reporter-output>
          </reporter-output>
        </test-method> <!-- initialize -->
        <test-method signature="ValidateHomepageTitle()[pri:0, instance:ParentGroup.EndToEndProject.ValidateHeaderBar@15515c51]" started-at="2022-02-19T15:16:51Z" name="ValidateHomepageTitle" finished-at="2022-02-19T15:16:51Z" duration-ms="221" status="PASS">
          <reporter-output>
          </reporter-output>
        </test-method> <!-- ValidateHomepageTitle -->
        <test-method is-config="true" signature="teardown()[pri:0, instance:ParentGroup.EndToEndProject.ValidateHeaderBar@15515c51]" started-at="2022-02-19T15:16:51Z" name="teardown" finished-at="2022-02-19T15:16:56Z" duration-ms="5331" status="PASS">
          <reporter-output>
          </reporter-output>
        </test-method> <!-- teardown -->
      </class> <!-- ParentGroup.EndToEndProject.ValidateHeaderBar -->
    </test> <!-- Headertest -->
    <test started-at="2022-02-19T09:44:27Z" name="Titletest" finished-at="2022-02-19T09:47:15Z" duration-ms="168052">
      <class name="ParentGroup.EndToEndProject.ValidateTitle">
        <test-method is-config="true" signature="initialize()[pri:0, instance:ParentGroup.EndToEndProject.ValidateTitle@4287d447]" started-at="2022-02-19T15:14:27Z" name="initialize" finished-at="2022-02-19T15:17:01Z" duration-ms="153449" status="PASS">
          <reporter-output>
          </reporter-output>
        </test-method> <!-- initialize -->
        <test-method signature="ValidateHomepageTitle()[pri:0, instance:ParentGroup.EndToEndProject.ValidateTitle@4287d447]" started-at="2022-02-19T15:17:01Z" name="ValidateHomepageTitle" finished-at="2022-02-19T15:17:01Z" duration-ms="111" status="PASS">
          <reporter-output>
          </reporter-output>
        </test-method> <!-- ValidateHomepageTitle -->
        <test-method is-config="true" signature="teardown()[pri:0, instance:ParentGroup.EndToEndProject.ValidateTitle@4287d447]" started-at="2022-02-19T15:17:01Z" name="teardown" finished-at="2022-02-19T15:17:15Z" duration-ms="14491" status="PASS">
          <reporter-output>
          </reporter-output>
        </test-method> <!-- teardown -->
      </class> <!-- ParentGroup.EndToEndProject.ValidateTitle -->
    </test> <!-- Titletest -->
    <test started-at="2022-02-19T09:44:27Z" name="Homepagetest" finished-at="2022-02-19T09:48:17Z" duration-ms="230173">
      <class name="ParentGroup.EndToEndProject.HomePage">
        <test-method signature="SandboxHomePage(java.lang.String, java.lang.String, java.lang.String)[pri:0, instance:ParentGroup.EndToEndProject.HomePage@78d39a69]" started-at="2022-02-19T15:14:27Z" name="SandboxHomePage" data-provider="getdata" finished-at="2022-02-19T15:17:04Z" duration-ms="156521" status="FAIL">
          <params>
            <param index="0">
              <value>
                <![CDATA[surve.prajakta915@gmail.com]]>
              </value>
            </param>
            <param index="1">
              <value>
                <![CDATA[PrajAnkur@210690]]>
              </value>
            </param>
            <param index="2">
              <value>
                <![CDATA[Restricted User]]>
              </value>
            </param>
          </params>
          <exception class="org.openqa.selenium.ElementClickInterceptedException">
            <message>
              <![CDATA[element click intercepted: Element <a href="https://rahulshettyacademy.com/sign_in/">...</a> is not clickable at point (992, 16). Other element would receive the click: <div class="listbuilder-popup-content">...</div>
  (Session info: chrome=98.0.4758.102)
Build info: version: '4.0.0', revision: '3a21814679'
System info: host: 'INDLT-35JV373', ip: '192.168.139.135', os.name: 'Windows 10', os.arch: 'amd64', os.version: '10.0', java.version: '15.0.1'
Driver info: org.openqa.selenium.chrome.ChromeDriver
Command: [ecf01e28a178dee1569fa643d3852ace, clickElement {id=3be8bcae-5b45-4b05-917b-e281af47463d}]
Capabilities {acceptInsecureCerts: false, browserName: chrome, browserVersion: 98.0.4758.102, chrome: {chromedriverVersion: 98.0.4758.102 (273bf7ac8c90..., userDataDir: C:\Users\survep\AppData\Loc...}, goog:chromeOptions: {debuggerAddress: localhost:55795}, javascriptEnabled: true, networkConnectionEnabled: false, pageLoadStrategy: normal, platform: WINDOWS, platformName: WINDOWS, proxy: Proxy(), se:cdp: ws://localhost:55795/devtoo..., se:cdpVersion: 98.0.4758.102, setWindowRect: true, strictFileInteractability: false, timeouts: {implicit: 0, pageLoad: 300000, script: 30000}, unhandledPromptBehavior: dismiss and notify, webauthn:extension:credBlob: true, webauthn:extension:largeBlob: true, webauthn:virtualAuthenticators: true}
Element: [[ChromeDriver: chrome on WINDOWS (ecf01e28a178dee1569fa643d3852ace)] -> xpath: //*[@id="homepage"]/header/div[1]/div/nav/ul/li[4]/a]
Session ID: ecf01e28a178dee1569fa643d3852ace]]>
            </message>
            <full-stacktrace>
              <![CDATA[org.openqa.selenium.ElementClickInterceptedException: element click intercepted: Element <a href="https://rahulshettyacademy.com/sign_in/">...</a> is not clickable at point (992, 16). Other element would receive the click: <div class="listbuilder-popup-content">...</div>
  (Session info: chrome=98.0.4758.102)
Build info: version: '4.0.0', revision: '3a21814679'
System info: host: 'INDLT-35JV373', ip: '192.168.139.135', os.name: 'Windows 10', os.arch: 'amd64', os.version: '10.0', java.version: '15.0.1'
Driver info: org.openqa.selenium.chrome.ChromeDriver
Command: [ecf01e28a178dee1569fa643d3852ace, clickElement {id=3be8bcae-5b45-4b05-917b-e281af47463d}]
Capabilities {acceptInsecureCerts: false, browserName: chrome, browserVersion: 98.0.4758.102, chrome: {chromedriverVersion: 98.0.4758.102 (273bf7ac8c90..., userDataDir: C:\Users\survep\AppData\Loc...}, goog:chromeOptions: {debuggerAddress: localhost:55795}, javascriptEnabled: true, networkConnectionEnabled: false, pageLoadStrategy: normal, platform: WINDOWS, platformName: WINDOWS, proxy: Proxy(), se:cdp: ws://localhost:55795/devtoo..., se:cdpVersion: 98.0.4758.102, setWindowRect: true, strictFileInteractability: false, timeouts: {implicit: 0, pageLoad: 300000, script: 30000}, unhandledPromptBehavior: dismiss and notify, webauthn:extension:credBlob: true, webauthn:extension:largeBlob: true, webauthn:virtualAuthenticators: true}
Element: [[ChromeDriver: chrome on WINDOWS (ecf01e28a178dee1569fa643d3852ace)] -> xpath: //*[@id="homepage"]/header/div[1]/div/nav/ul/li[4]/a]
Session ID: ecf01e28a178dee1569fa643d3852ace
	at java.base/jdk.internal.reflect.NativeConstructorAccessorImpl.newInstance0(Native Method)
	at java.base/jdk.internal.reflect.NativeConstructorAccessorImpl.newInstance(NativeConstructorAccessorImpl.java:64)
	at java.base/jdk.internal.reflect.DelegatingConstructorAccessorImpl.newInstance(DelegatingConstructorAccessorImpl.java:45)
	at java.base/java.lang.reflect.Constructor.newInstanceWithCaller(Constructor.java:500)
	at java.base/java.lang.reflect.Constructor.newInstance(Constructor.java:481)
	at org.openqa.selenium.remote.codec.w3c.W3CHttpResponseCodec.createException(W3CHttpResponseCodec.java:200)
	at org.openqa.selenium.remote.codec.w3c.W3CHttpResponseCodec.decode(W3CHttpResponseCodec.java:133)
	at org.openqa.selenium.remote.codec.w3c.W3CHttpResponseCodec.decode(W3CHttpResponseCodec.java:53)
	at org.openqa.selenium.remote.HttpCommandExecutor.execute(HttpCommandExecutor.java:184)
	at org.openqa.selenium.remote.service.DriverCommandExecutor.invokeExecute(DriverCommandExecutor.java:164)
	at org.openqa.selenium.remote.service.DriverCommandExecutor.execute(DriverCommandExecutor.java:139)
	at org.openqa.selenium.remote.RemoteWebDriver.execute(RemoteWebDriver.java:559)
	at org.openqa.selenium.remote.RemoteWebElement.execute(RemoteWebElement.java:251)
	at org.openqa.selenium.remote.RemoteWebElement.click(RemoteWebElement.java:77)
	at pageObjects.LandingPage.getLogin(LandingPage.java:21)
	at ParentGroup.EndToEndProject.HomePage.SandboxHomePage(HomePage.java:31)
	at java.base/jdk.internal.reflect.NativeMethodAccessorImpl.invoke0(Native Method)
	at java.base/jdk.internal.reflect.NativeMethodAccessorImpl.invoke(NativeMethodAccessorImpl.java:64)
	at java.base/jdk.internal.reflect.DelegatingMethodAccessorImpl.invoke(DelegatingMethodAccessorImpl.java:43)
	at java.base/java.lang.reflect.Method.invoke(Method.java:564)
	at org.testng.internal.MethodInvocationHelper.invokeMethod(MethodInvocationHelper.java:80)
	at org.testng.internal.Invoker.invokeMethod(Invoker.java:714)
	at org.testng.internal.Invoker.invokeTestMethod(Invoker.java:901)
	at org.testng.internal.Invoker.invokeTestMethods(Invoker.java:1231)
	at org.testng.internal.TestMethodWorker.invokeTestMethods(TestMethodWorker.java:127)
	at org.testng.internal.TestMethodWorker.run(TestMethodWorker.java:111)
	at org.testng.TestRunner.privateRun(TestRunner.java:767)
	at org.testng.TestRunner.run(TestRunner.java:617)
	at org.testng.SuiteRunner.runTest(SuiteRunner.java:334)
	at org.testng.SuiteRunner.access$000(SuiteRunner.java:37)
	at org.testng.SuiteRunner$SuiteWorker.run(SuiteRunner.java:368)
	at org.testng.internal.thread.ThreadUtil$2.call(ThreadUtil.java:64)
	at java.base/java.util.concurrent.FutureTask.run(FutureTask.java:264)
	at java.base/java.util.concurrent.ThreadPoolExecutor.runWorker(ThreadPoolExecutor.java:1130)
	at java.base/java.util.concurrent.ThreadPoolExecutor$Worker.run(ThreadPoolExecutor.java:630)
	at java.base/java.lang.Thread.run(Thread.java:832)
]]>
            </full-stacktrace>
          </exception> <!-- org.openqa.selenium.ElementClickInterceptedException -->
          <reporter-output>
          </reporter-output>
        </test-method> <!-- SandboxHomePage -->
        <test-method signature="SandboxHomePage(java.lang.String, java.lang.String, java.lang.String)[pri:0, instance:ParentGroup.EndToEndProject.HomePage@78d39a69]" started-at="2022-02-19T15:17:07Z" name="SandboxHomePage" data-provider="getdata" finished-at="2022-02-19T15:18:16Z" duration-ms="69600" status="FAIL">
          <params>
            <param index="0">
              <value>
                <![CDATA[rahulshettyacademy]]>
              </value>
            </param>
            <param index="1">
              <value>
                <![CDATA[learning]]>
              </value>
            </param>
            <param index="2">
              <value>
                <![CDATA[UnRestricted User]]>
              </value>
            </param>
          </params>
          <exception class="org.openqa.selenium.ElementClickInterceptedException">
            <message>
              <![CDATA[element click intercepted: Element <a href="https://rahulshettyacademy.com/sign_in/">...</a> is not clickable at point (992, 16). Other element would receive the click: <div class="listbuilder-popup-content">...</div>
  (Session info: chrome=98.0.4758.102)
Build info: version: '4.0.0', revision: '3a21814679'
System info: host: 'INDLT-35JV373', ip: '192.168.139.135', os.name: 'Windows 10', os.arch: 'amd64', os.version: '10.0', java.version: '15.0.1'
Driver info: org.openqa.selenium.chrome.ChromeDriver
Command: [83b76a396920b549f1eda44f662af1b8, clickElement {id=f22584ff-c5ec-473b-be29-8fb50d62114a}]
Capabilities {acceptInsecureCerts: false, browserName: chrome, browserVersion: 98.0.4758.102, chrome: {chromedriverVersion: 98.0.4758.102 (273bf7ac8c90..., userDataDir: C:\Users\survep\AppData\Loc...}, goog:chromeOptions: {debuggerAddress: localhost:56752}, javascriptEnabled: true, networkConnectionEnabled: false, pageLoadStrategy: normal, platform: WINDOWS, platformName: WINDOWS, proxy: Proxy(), se:cdp: ws://localhost:56752/devtoo..., se:cdpVersion: 98.0.4758.102, setWindowRect: true, strictFileInteractability: false, timeouts: {implicit: 0, pageLoad: 300000, script: 30000}, unhandledPromptBehavior: dismiss and notify, webauthn:extension:credBlob: true, webauthn:extension:largeBlob: true, webauthn:virtualAuthenticators: true}
Element: [[ChromeDriver: chrome on WINDOWS (83b76a396920b549f1eda44f662af1b8)] -> xpath: //*[@id="homepage"]/header/div[1]/div/nav/ul/li[4]/a]
Session ID: 83b76a396920b549f1eda44f662af1b8]]>
            </message>
            <full-stacktrace>
              <![CDATA[org.openqa.selenium.ElementClickInterceptedException: element click intercepted: Element <a href="https://rahulshettyacademy.com/sign_in/">...</a> is not clickable at point (992, 16). Other element would receive the click: <div class="listbuilder-popup-content">...</div>
  (Session info: chrome=98.0.4758.102)
Build info: version: '4.0.0', revision: '3a21814679'
System info: host: 'INDLT-35JV373', ip: '192.168.139.135', os.name: 'Windows 10', os.arch: 'amd64', os.version: '10.0', java.version: '15.0.1'
Driver info: org.openqa.selenium.chrome.ChromeDriver
Command: [83b76a396920b549f1eda44f662af1b8, clickElement {id=f22584ff-c5ec-473b-be29-8fb50d62114a}]
Capabilities {acceptInsecureCerts: false, browserName: chrome, browserVersion: 98.0.4758.102, chrome: {chromedriverVersion: 98.0.4758.102 (273bf7ac8c90..., userDataDir: C:\Users\survep\AppData\Loc...}, goog:chromeOptions: {debuggerAddress: localhost:56752}, javascriptEnabled: true, networkConnectionEnabled: false, pageLoadStrategy: normal, platform: WINDOWS, platformName: WINDOWS, proxy: Proxy(), se:cdp: ws://localhost:56752/devtoo..., se:cdpVersion: 98.0.4758.102, setWindowRect: true, strictFileInteractability: false, timeouts: {implicit: 0, pageLoad: 300000, script: 30000}, unhandledPromptBehavior: dismiss and notify, webauthn:extension:credBlob: true, webauthn:extension:largeBlob: true, webauthn:virtualAuthenticators: true}
Element: [[ChromeDriver: chrome on WINDOWS (83b76a396920b549f1eda44f662af1b8)] -> xpath: //*[@id="homepage"]/header/div[1]/div/nav/ul/li[4]/a]
Session ID: 83b76a396920b549f1eda44f662af1b8
	at java.base/jdk.internal.reflect.NativeConstructorAccessorImpl.newInstance0(Native Method)
	at java.base/jdk.internal.reflect.NativeConstructorAccessorImpl.newInstance(NativeConstructorAccessorImpl.java:64)
	at java.base/jdk.internal.reflect.DelegatingConstructorAccessorImpl.newInstance(DelegatingConstructorAccessorImpl.java:45)
	at java.base/java.lang.reflect.Constructor.newInstanceWithCaller(Constructor.java:500)
	at java.base/java.lang.reflect.Constructor.newInstance(Constructor.java:481)
	at org.openqa.selenium.remote.codec.w3c.W3CHttpResponseCodec.createException(W3CHttpResponseCodec.java:200)
	at org.openqa.selenium.remote.codec.w3c.W3CHttpResponseCodec.decode(W3CHttpResponseCodec.java:133)
	at org.openqa.selenium.remote.codec.w3c.W3CHttpResponseCodec.decode(W3CHttpResponseCodec.java:53)
	at org.openqa.selenium.remote.HttpCommandExecutor.execute(HttpCommandExecutor.java:184)
	at org.openqa.selenium.remote.service.DriverCommandExecutor.invokeExecute(DriverCommandExecutor.java:164)
	at org.openqa.selenium.remote.service.DriverCommandExecutor.execute(DriverCommandExecutor.java:139)
	at org.openqa.selenium.remote.RemoteWebDriver.execute(RemoteWebDriver.java:559)
	at org.openqa.selenium.remote.RemoteWebElement.execute(RemoteWebElement.java:251)
	at org.openqa.selenium.remote.RemoteWebElement.click(RemoteWebElement.java:77)
	at pageObjects.LandingPage.getLogin(LandingPage.java:21)
	at ParentGroup.EndToEndProject.HomePage.SandboxHomePage(HomePage.java:31)
	at java.base/jdk.internal.reflect.NativeMethodAccessorImpl.invoke0(Native Method)
	at java.base/jdk.internal.reflect.NativeMethodAccessorImpl.invoke(NativeMethodAccessorImpl.java:64)
	at java.base/jdk.internal.reflect.DelegatingMethodAccessorImpl.invoke(DelegatingMethodAccessorImpl.java:43)
	at java.base/java.lang.reflect.Method.invoke(Method.java:564)
	at org.testng.internal.MethodInvocationHelper.invokeMethod(MethodInvocationHelper.java:80)
	at org.testng.internal.Invoker.invokeMethod(Invoker.java:714)
	at org.testng.internal.Invoker.invokeTestMethod(Invoker.java:901)
	at org.testng.internal.Invoker.invokeTestMethods(Invoker.java:1231)
	at org.testng.internal.TestMethodWorker.invokeTestMethods(TestMethodWorker.java:127)
	at org.testng.internal.TestMethodWorker.run(TestMethodWorker.java:111)
	at org.testng.TestRunner.privateRun(TestRunner.java:767)
	at org.testng.TestRunner.run(TestRunner.java:617)
	at org.testng.SuiteRunner.runTest(SuiteRunner.java:334)
	at org.testng.SuiteRunner.access$000(SuiteRunner.java:37)
	at org.testng.SuiteRunner$SuiteWorker.run(SuiteRunner.java:368)
	at org.testng.internal.thread.ThreadUtil$2.call(ThreadUtil.java:64)
	at java.base/java.util.concurrent.FutureTask.run(FutureTask.java:264)
	at java.base/java.util.concurrent.ThreadPoolExecutor.runWorker(ThreadPoolExecutor.java:1130)
	at java.base/java.util.concurrent.ThreadPoolExecutor$Worker.run(ThreadPoolExecutor.java:630)
	at java.base/java.lang.Thread.run(Thread.java:832)
]]>
            </full-stacktrace>
          </exception> <!-- org.openqa.selenium.ElementClickInterceptedException -->
          <reporter-output>
          </reporter-output>
        </test-method> <!-- SandboxHomePage -->
        <test-method is-config="true" signature="teardown()[pri:0, instance:ParentGroup.EndToEndProject.HomePage@78d39a69]" started-at="2022-02-19T15:18:17Z" name="teardown" finished-at="2022-02-19T15:18:17Z" duration-ms="124" status="PASS">
          <reporter-output>
          </reporter-output>
        </test-method> <!-- teardown -->
      </class> <!-- ParentGroup.EndToEndProject.HomePage -->
    </test> <!-- Homepagetest -->
  </suite> <!-- Suite -->
</testng-results>
